Mon Aug 20 00:00:02 MDT 2018 : No new genomes were available.

Tue Aug 21 00:00:03 MDT 2018 : No new genomes were available.

Wed Aug 22 00:02:05 MDT 2018 : 100 public_html/Database/new_genomes_metadata.txt new genomes were available.

Thu Aug 23 00:05:12 MDT 2018 : 228 public_html/Database/new_genomes_metadata.txt new genomes were available.

Fri Aug 24 00:00:03 MDT 2018 : No new genomes were available.

Sat Aug 25 00:00:02 MDT 2018 : No new genomes were available.

Sun Aug 26 00:00:03 MDT 2018 : No new genomes were available.

Mon Aug 27 00:00:03 MDT 2018 : No new genomes were available.

Tue Aug 28 00:00:03 MDT 2018 : No new genomes were available.

Wed Aug 29 00:00:03 MDT 2018 : No new genomes were available.

Thu Aug 30 00:00:03 MDT 2018 : No new genomes were available.

Fri Aug 31 00:00:02 MDT 2018 : No new genomes were available.

Sat Sep  1 00:00:18 MDT 2018 : 13 public_html/Database/new_genomes_metadata.txt new genomes were available.

Sun Sep  2 00:00:04 MDT 2018 : No new genomes were available.

Mon Sep  3 00:00:03 MDT 2018 : No new genomes were available.

Tue Sep  4 00:00:02 MDT 2018 : No new genomes were available.

Wed Sep  5 00:00:02 MDT 2018 : No new genomes were available.

Thu Sep  6 00:00:02 MDT 2018 : No new genomes were available.

Fri Sep  7 00:00:38 MDT 2018 : No new genomes were available.

Sat Sep  8 00:00:03 MDT 2018 : No new genomes were available.

Sun Sep  9 00:00:02 MDT 2018 : No new genomes were available.

Mon Sep 10 00:00:04 MDT 2018 : No new genomes were available.

Tue Sep 11 00:00:06 MDT 2018 : 3 public_html/Database/new_genomes_metadata.txt new genomes were available.

Wed Sep 12 00:00:02 MDT 2018 : No new genomes were available.

Thu Sep 13 00:00:01 MDT 2018 : No new genomes were available.

Fri Sep 14 01:45:19 MDT 2018 : 6018 public_html/Database/new_genomes_metadata.txt new genomes were available.

Sat Sep 15 00:00:02 MDT 2018 : No new genomes were available.

Sun Sep 16 00:00:03 MDT 2018 : No new genomes were available.

Mon Sep 17 00:00:02 MDT 2018 : No new genomes were available.

Tue Sep 18 00:00:03 MDT 2018 : No new genomes were available.

Wed Sep 19 00:00:02 MDT 2018 : No new genomes were available.

Thu Sep 20 00:00:02 MDT 2018 : No new genomes were available.

Fri Sep 21 00:02:10 MDT 2018 : 11 public_html/Database/new_genomes_metadata.txt new genomes were available.

Sat Sep 22 00:00:02 MDT 2018 : No new genomes were available.

Sun Sep 23 00:00:02 MDT 2018 : No new genomes were available.

Mon Sep 24 00:00:03 MDT 2018 : No new genomes were available.

Tue Sep 25 00:00:02 MDT 2018 : No new genomes were available.

Wed Sep 26 00:00:02 MDT 2018 : No new genomes were available.

Thu Sep 27 00:00:03 MDT 2018 : No new genomes were available.

Fri Sep 28 00:00:02 MDT 2018 : No new genomes were available.

Sat Sep 29 00:00:03 MDT 2018 : No new genomes were available.

Sun Sep 30 00:00:03 MDT 2018 : No new genomes were available.

Mon Oct  1 00:00:03 MDT 2018 : No new genomes were available.

Tue Oct  2 00:00:03 MDT 2018 : No new genomes were available.

Wed Oct  3 00:00:03 MDT 2018 : No new genomes were available.

Thu Oct  4 00:00:02 MDT 2018 : No new genomes were available.

Fri Oct  5 00:00:02 MDT 2018 : No new genomes were available.

Sat Oct  6 00:00:02 MDT 2018 : No new genomes were available.

Sun Oct  7 00:00:03 MDT 2018 : No new genomes were available.

Mon Oct  8 00:00:03 MDT 2018 : No new genomes were available.

Tue Oct  9 00:00:03 MDT 2018 : No new genomes were available.

Wed Oct 10 00:00:02 MDT 2018 : No new genomes were available.

Thu Oct 11 00:00:03 MDT 2018 : No new genomes were available.

Fri Oct 12 00:00:03 MDT 2018 : No new genomes were available.

Sat Oct 13 00:00:03 MDT 2018 : No new genomes were available.

Sun Oct 14 00:00:02 MDT 2018 : No new genomes were available.

Mon Oct 15 00:00:03 MDT 2018 : No new genomes were available.

Tue Oct 16 00:00:02 MDT 2018 : No new genomes were available.

Wed Oct 17 00:00:02 MDT 2018 : No new genomes were available.

Thu Oct 18 00:00:02 MDT 2018 : No new genomes were available.

Fri Oct 19 00:00:02 MDT 2018 : No new genomes were available.

Sat Oct 20 00:00:02 MDT 2018 : No new genomes were available.

Sun Oct 21 01:38:39 MDT 2018 : 6018 public_html/Database/new_genomes_metadata.txt new genomes were available.

Mon Oct 22 00:00:02 MDT 2018 : No new genomes were available.

Tue Oct 23 00:00:02 MDT 2018 : No new genomes were available.

Wed Oct 24 00:00:03 MDT 2018 : No new genomes were available.

Thu Oct 25 00:00:04 MDT 2018 : No new genomes were available.

Fri Oct 26 00:00:02 MDT 2018 : No new genomes were available.

Sat Oct 27 00:00:02 MDT 2018 : No new genomes were available.

Sun Oct 28 00:00:02 MDT 2018 : No new genomes were available.

Mon Oct 29 00:00:02 MDT 2018 : No new genomes were available.

Tue Oct 30 00:00:03 MDT 2018 : No new genomes were available.

Wed Oct 31 00:00:02 MDT 2018 : No new genomes were available.

Thu Nov  1 00:00:03 MDT 2018 : No new genomes were available.

Fri Nov  2 00:00:04 MDT 2018 : No new genomes were available.

Sat Nov  3 00:00:04 MDT 2018 : No new genomes were available.

Sun Nov  4 00:01:57 MDT 2018 : 2 public_html/Database/new_genomes_metadata.txt new genomes were available.

Mon Nov  5 00:00:03 MST 2018 : No new genomes were available.

Tue Nov  6 00:00:02 MST 2018 : No new genomes were available.

Wed Nov  7 00:00:03 MST 2018 : No new genomes were available.

Thu Nov  8 00:02:00 MST 2018 : 2 public_html/Database/new_genomes_metadata.txt new genomes were available.

Fri Nov  9 00:00:03 MST 2018 : No new genomes were available.

Sat Nov 10 00:00:03 MST 2018 : No new genomes were available.

Sun Nov 11 00:00:02 MST 2018 : No new genomes were available.

Mon Nov 12 00:00:02 MST 2018 : No new genomes were available.

Tue Nov 13 00:00:02 MST 2018 : No new genomes were available.

Wed Nov 14 00:00:02 MST 2018 : No new genomes were available.

Thu Nov 15 00:00:02 MST 2018 : No new genomes were available.

Fri Nov 16 00:00:02 MST 2018 : No new genomes were available.

Sat Nov 17 00:00:02 MST 2018 : No new genomes were available.

Sun Nov 18 00:00:02 MST 2018 : No new genomes were available.

Mon Nov 19 00:00:04 MST 2018 : No new genomes were available.

Tue Nov 20 00:00:02 MST 2018 : No new genomes were available.

Wed Nov 21 00:00:03 MST 2018 : No new genomes were available.

Thu Nov 22 00:02:03 MST 2018 : 9 public_html/Database/new_genomes_metadata.txt new genomes were available.

Fri Nov 23 00:00:03 MST 2018 : No new genomes were available.

Sat Nov 24 00:00:03 MST 2018 : No new genomes were available.

Sun Nov 25 00:00:03 MST 2018 : No new genomes were available.

Mon Nov 26 00:00:03 MST 2018 : No new genomes were available.

Tue Nov 27 00:00:02 MST 2018 : No new genomes were available.

Wed Nov 28 00:00:03 MST 2018 : No new genomes were available.

Thu Nov 29 00:00:03 MST 2018 : No new genomes were available.

Fri Nov 30 00:00:03 MST 2018 : No new genomes were available.

Sat Dec  1 00:00:03 MST 2018 : No new genomes were available.

Sun Dec  2 00:00:02 MST 2018 : No new genomes were available.

Mon Dec  3 00:00:03 MST 2018 : No new genomes were available.

Tue Dec  4 00:00:02 MST 2018 : No new genomes were available.

Wed Dec  5 00:00:02 MST 2018 : No new genomes were available.

Thu Dec  6 00:00:04 MST 2018 : No new genomes were available.

Fri Dec  7 00:00:03 MST 2018 : No new genomes were available.

Sat Dec  8 00:00:03 MST 2018 : No new genomes were available.

Sun Dec  9 00:00:02 MST 2018 : No new genomes were available.

Mon Dec 10 00:00:03 MST 2018 : No new genomes were available.

Tue Dec 11 00:00:03 MST 2018 : No new genomes were available.

Wed Dec 12 00:00:03 MST 2018 : No new genomes were available.

Thu Dec 13 00:00:02 MST 2018 : No new genomes were available.

Fri Dec 14 00:00:02 MST 2018 : No new genomes were available.

Sat Dec 15 00:00:02 MST 2018 : No new genomes were available.

Sun Dec 16 00:00:03 MST 2018 : No new genomes were available.

Mon Dec 17 00:00:03 MST 2018 : No new genomes were available.

Tue Dec 18 00:00:03 MST 2018 : No new genomes were available.

Wed Dec 19 00:00:02 MST 2018 : No new genomes were available.

Thu Dec 20 00:00:02 MST 2018 : No new genomes were available.

Fri Dec 21 00:00:02 MST 2018 : No new genomes were available.

Sat Dec 22 00:00:02 MST 2018 : No new genomes were available.

Sun Dec 23 00:00:03 MST 2018 : No new genomes were available.

Mon Dec 24 00:00:02 MST 2018 : No new genomes were available.

Tue Dec 25 00:00:02 MST 2018 : No new genomes were available.

Wed Dec 26 00:00:02 MST 2018 : No new genomes were available.

Thu Dec 27 00:00:03 MST 2018 : No new genomes were available.

Fri Dec 28 00:00:02 MST 2018 : No new genomes were available.

Sat Dec 29 00:00:02 MST 2018 : No new genomes were available.

Sun Dec 30 00:00:03 MST 2018 : No new genomes were available.

Mon Dec 31 00:00:02 MST 2018 : No new genomes were available.

Tue Jan  1 00:00:02 MST 2019 : No new genomes were available.

Wed Jan  2 00:00:02 MST 2019 : No new genomes were available.

Thu Jan  3 00:00:03 MST 2019 : No new genomes were available.

Fri Jan  4 00:00:02 MST 2019 : No new genomes were available.

Sat Jan  5 00:00:02 MST 2019 : No new genomes were available.

Sun Jan  6 00:00:02 MST 2019 : No new genomes were available.

Mon Jan  7 00:00:03 MST 2019 : No new genomes were available.

Tue Jan  8 00:00:03 MST 2019 : No new genomes were available.

Wed Jan  9 00:00:02 MST 2019 : No new genomes were available.

Thu Jan 10 00:00:04 MST 2019 : No new genomes were available.

Fri Jan 11 00:00:03 MST 2019 : No new genomes were available.

Sat Jan 12 00:00:03 MST 2019 : No new genomes were available.

Sun Jan 13 00:00:03 MST 2019 : No new genomes were available.

Mon Jan 14 00:00:03 MST 2019 : No new genomes were available.

Tue Jan 15 00:00:03 MST 2019 : No new genomes were available.

Wed Jan 16 00:00:03 MST 2019 : No new genomes were available.

Thu Jan 17 00:01:13 MST 2019 : 2 public_html/Database/new_genomes_metadata.txt new genomes were available.

Fri Jan 18 00:00:02 MST 2019 : No new genomes were available.

Sat Jan 19 00:00:03 MST 2019 : No new genomes were available.

Sun Jan 20 00:00:05 MST 2019 : 2 public_html/Database/new_genomes_metadata.txt new genomes were available.

Mon Jan 21 00:00:02 MST 2019 : No new genomes were available.

Tue Jan 22 00:00:02 MST 2019 : No new genomes were available.

Wed Jan 23 00:00:03 MST 2019 : No new genomes were available.

Thu Jan 24 00:00:02 MST 2019 : No new genomes were available.

Fri Jan 25 00:00:02 MST 2019 : No new genomes were available.

Sat Jan 26 00:00:02 MST 2019 : No new genomes were available.

Sun Jan 27 00:00:02 MST 2019 : No new genomes were available.

Mon Jan 28 00:00:03 MST 2019 : No new genomes were available.

Tue Jan 29 00:00:05 MST 2019 : No new genomes were available.

Wed Jan 30 00:00:02 MST 2019 : No new genomes were available.

Thu Jan 31 00:08:54 MST 2019 : 479 public_html/Database/new_genomes_metadata.txt new genomes were available.

Fri Feb  1 00:04:50 MST 2019 : 249 public_html/Database/new_genomes_metadata.txt new genomes were available.

Sat Feb  2 00:00:03 MST 2019 : No new genomes were available.

Sun Feb  3 00:00:02 MST 2019 : No new genomes were available.

Mon Feb  4 00:00:03 MST 2019 : No new genomes were available.

Tue Feb  5 00:04:36 MST 2019 : 245 public_html/Database/new_genomes_metadata.txt new genomes were available.

Wed Feb  6 00:02:09 MST 2019 : No new genomes were available.

Thu Feb  7 00:00:15 MST 2019 : 10 public_html/Database/new_genomes_metadata.txt new genomes were available.

Fri Feb  8 00:00:03 MST 2019 : No new genomes were available.

Sat Feb  9 00:00:02 MST 2019 : No new genomes were available.

Sun Feb 10 00:00:08 MST 2019 : 5 public_html/Database/new_genomes_metadata.txt new genomes were available.

Mon Feb 11 00:00:29 MST 2019 : 22 public_html/Database/new_genomes_metadata.txt new genomes were available.

Tue Feb 12 00:00:03 MST 2019 : No new genomes were available.

Wed Feb 13 00:00:03 MST 2019 : No new genomes were available.

Thu Feb 14 00:00:03 MST 2019 : No new genomes were available.

Fri Feb 15 00:00:05 MST 2019 : No new genomes were available.

Sat Feb 16 00:00:03 MST 2019 : No new genomes were available.

Sun Feb 17 00:00:03 MST 2019 : No new genomes were available.

Mon Feb 18 00:00:03 MST 2019 : No new genomes were available.

Tue Feb 19 00:00:04 MST 2019 : No new genomes were available.

Wed Feb 20 00:00:04 MST 2019 : 1 public_html/Database/new_genomes_metadata.txt new genomes were available.

Thu Feb 21 00:00:02 MST 2019 : No new genomes were available.

Fri Feb 22 00:00:04 MST 2019 : No new genomes were available.

Sat Feb 23 00:00:03 MST 2019 : No new genomes were available.

Sun Feb 24 00:00:04 MST 2019 : No new genomes were available.

Mon Feb 25 00:00:04 MST 2019 : No new genomes were available.

Tue Feb 26 00:00:02 MST 2019 : No new genomes were available.

Wed Feb 27 00:00:02 MST 2019 : No new genomes were available.

Thu Feb 28 00:00:03 MST 2019 : No new genomes were available.

Fri Mar  1 00:00:03 MST 2019 : No new genomes were available.

Sat Mar  2 00:00:03 MST 2019 : No new genomes were available.

Sun Mar  3 00:00:03 MST 2019 : No new genomes were available.

Mon Mar  4 00:00:02 MST 2019 : No new genomes were available.

Tue Mar  5 00:00:03 MST 2019 : No new genomes were available.

Wed Mar  6 00:00:03 MST 2019 : No new genomes were available.

Thu Mar  7 00:00:02 MST 2019 : No new genomes were available.

Fri Mar  8 00:00:03 MST 2019 : 1 public_html/Database/new_genomes_metadata.txt new genomes were available.

Sat Mar  9 00:00:02 MST 2019 : No new genomes were available.

Sun Mar 10 00:00:12 MST 2019 : 8 public_html/Database/new_genomes_metadata.txt new genomes were available.

Mon Mar 11 00:00:02 MDT 2019 : No new genomes were available.

Tue Mar 12 00:00:02 MDT 2019 : No new genomes were available.

Wed Mar 13 00:00:02 MDT 2019 : No new genomes were available.

Thu Mar 14 00:00:03 MDT 2019 : No new genomes were available.

Fri Mar 15 00:00:03 MDT 2019 : No new genomes were available.

Sat Mar 16 00:00:03 MDT 2019 : No new genomes were available.

Sun Mar 17 00:00:02 MDT 2019 : No new genomes were available.

Mon Mar 18 00:00:02 MDT 2019 : No new genomes were available.

Tue Mar 19 00:00:03 MDT 2019 : No new genomes were available.

Wed Mar 20 00:00:03 MDT 2019 : No new genomes were available.

Thu Mar 21 00:00:02 MDT 2019 : No new genomes were available.

Fri Mar 22 00:00:03 MDT 2019 : No new genomes were available.

Sat Mar 23 00:00:02 MDT 2019 : No new genomes were available.

Sun Mar 24 00:00:02 MDT 2019 : No new genomes were available.

Mon Mar 25 00:00:03 MDT 2019 : No new genomes were available.

Tue Mar 26 00:00:02 MDT 2019 : No new genomes were available.

Wed Mar 27 00:00:03 MDT 2019 : No new genomes were available.

Thu Mar 28 00:00:04 MDT 2019 : No new genomes were available.

Fri Mar 29 00:00:03 MDT 2019 : No new genomes were available.

Sat Mar 30 00:00:02 MDT 2019 : No new genomes were available.

Sun Mar 31 00:00:02 MDT 2019 : No new genomes were available.

Mon Apr  1 00:00:02 MDT 2019 : No new genomes were available.

Tue Apr  2 00:00:02 MDT 2019 : No new genomes were available.

Wed Apr  3 00:00:04 MDT 2019 : No new genomes were available.

Thu Apr  4 00:00:02 MDT 2019 : No new genomes were available.

Fri Apr  5 00:00:02 MDT 2019 : No new genomes were available.

Sat Apr  6 00:00:03 MDT 2019 : No new genomes were available.

Sun Apr  7 00:00:03 MDT 2019 : No new genomes were available.

Mon Apr  8 00:00:02 MDT 2019 : No new genomes were available.

Tue Apr  9 00:00:02 MDT 2019 : No new genomes were available.

Wed Apr 10 00:00:10 MDT 2019 : 7 public_html/Database/new_genomes_metadata.txt new genomes were available.

Thu Apr 11 00:00:02 MDT 2019 : No new genomes were available.

Fri Apr 12 00:00:05 MDT 2019 : 3 public_html/Database/new_genomes_metadata.txt new genomes were available.

Sat Apr 13 00:00:02 MDT 2019 : No new genomes were available.

Sun Apr 14 00:00:02 MDT 2019 : No new genomes were available.

Mon Apr 15 00:00:04 MDT 2019 : No new genomes were available.

Tue Apr 16 00:00:03 MDT 2019 : No new genomes were available.

Wed Apr 17 00:00:03 MDT 2019 : No new genomes were available.

Thu Apr 18 00:00:06 MDT 2019 : 4 public_html/Database/new_genomes_metadata.txt new genomes were available.

Fri Apr 19 00:00:02 MDT 2019 : No new genomes were available.

Sat Apr 20 00:00:03 MDT 2019 : No new genomes were available.

Sun Apr 21 00:00:02 MDT 2019 : No new genomes were available.

Mon Apr 22 00:00:02 MDT 2019 : No new genomes were available.

Tue Apr 23 00:00:02 MDT 2019 : No new genomes were available.

Wed Apr 24 00:00:03 MDT 2019 : No new genomes were available.

Thu Apr 25 00:00:03 MDT 2019 : 1 public_html/Database/new_genomes_metadata.txt new genomes were available.

Fri Apr 26 00:00:03 MDT 2019 : No new genomes were available.

Sat Apr 27 00:00:03 MDT 2019 : 1 public_html/Database/new_genomes_metadata.txt new genomes were available.

Sun Apr 28 00:00:03 MDT 2019 : No new genomes were available.

Mon Apr 29 00:00:03 MDT 2019 : No new genomes were available.

Tue Apr 30 00:00:02 MDT 2019 : No new genomes were available.

Wed May  1 00:00:03 MDT 2019 : No new genomes were available.

Thu May  2 00:00:03 MDT 2019 : No new genomes were available.

Fri May  3 00:00:02 MDT 2019 : No new genomes were available.

Sat May  4 00:00:03 MDT 2019 : No new genomes were available.

Sun May  5 00:00:02 MDT 2019 : No new genomes were available.

Mon May  6 00:00:04 MDT 2019 : 1 public_html/Database/new_genomes_metadata.txt new genomes were available.

Tue May  7 00:00:03 MDT 2019 : No new genomes were available.

Wed May  8 00:00:05 MDT 2019 : 3 public_html/Database/new_genomes_metadata.txt new genomes were available.

Thu May  9 00:00:02 MDT 2019 : No new genomes were available.

Fri May 10 00:00:03 MDT 2019 : No new genomes were available.

Sat May 11 00:00:11 MDT 2019 : 7 public_html/Database/new_genomes_metadata.txt new genomes were available.

Sun May 12 00:00:05 MDT 2019 : 2 public_html/Database/new_genomes_metadata.txt new genomes were available.

Mon May 13 00:00:02 MDT 2019 : No new genomes were available.

Tue May 14 00:00:03 MDT 2019 : No new genomes were available.

Wed May 15 00:00:03 MDT 2019 : No new genomes were available.

Thu May 16 00:00:02 MDT 2019 : No new genomes were available.

Fri May 17 00:00:03 MDT 2019 : No new genomes were available.

Sat May 18 00:00:02 MDT 2019 : No new genomes were available.

Sun May 19 00:00:02 MDT 2019 : No new genomes were available.

Mon May 20 00:00:02 MDT 2019 : No new genomes were available.

Tue May 21 00:00:03 MDT 2019 : No new genomes were available.

Wed May 22 00:00:04 MDT 2019 : 1 public_html/Database/new_genomes_metadata.txt new genomes were available.

Thu May 23 00:00:02 MDT 2019 : No new genomes were available.

Fri May 24 00:00:10 MDT 2019 : 5 public_html/Database/new_genomes_metadata.txt new genomes were available.

Sat May 25 00:00:02 MDT 2019 : No new genomes were available.

Sun May 26 00:00:02 MDT 2019 : No new genomes were available.

Mon May 27 00:00:04 MDT 2019 : 1 public_html/Database/new_genomes_metadata.txt new genomes were available.

Tue May 28 00:00:02 MDT 2019 : No new genomes were available.

Wed May 29 00:00:03 MDT 2019 : No new genomes were available.

Thu May 30 00:00:03 MDT 2019 : No new genomes were available.

Fri May 31 00:00:02 MDT 2019 : No new genomes were available.

Sat Jun  1 00:00:03 MDT 2019 : No new genomes were available.

Sun Jun  2 00:00:04 MDT 2019 : 1 public_html/Database/new_genomes_metadata.txt new genomes were available.

Mon Jun  3 00:00:03 MDT 2019 : No new genomes were available.

Tue Jun  4 00:00:03 MDT 2019 : 1 public_html/Database/new_genomes_metadata.txt new genomes were available.

Wed Jun  5 00:00:17 MDT 2019 : 13 public_html/Database/new_genomes_metadata.txt new genomes were available.

Thu Jun  6 00:00:03 MDT 2019 : No new genomes were available.

Fri Jun  7 00:00:02 MDT 2019 : No new genomes were available.

Sat Jun  8 00:00:03 MDT 2019 : No new genomes were available.

Sun Jun  9 00:00:03 MDT 2019 : No new genomes were available.

Mon Jun 10 00:00:03 MDT 2019 : No new genomes were available.

Tue Jun 11 00:00:03 MDT 2019 : No new genomes were available.

Wed Jun 12 00:00:02 MDT 2019 : No new genomes were available.

Thu Jun 13 00:00:03 MDT 2019 : No new genomes were available.

Fri Jun 14 00:00:03 MDT 2019 : No new genomes were available.

Sat Jun 15 00:00:02 MDT 2019 : No new genomes were available.

Sun Jun 16 00:00:03 MDT 2019 : No new genomes were available.

Mon Jun 17 00:00:03 MDT 2019 : No new genomes were available.

Tue Jun 18 00:00:02 MDT 2019 : No new genomes were available.

Wed Jun 19 00:00:03 MDT 2019 : No new genomes were available.

Thu Jun 20 00:00:04 MDT 2019 : No new genomes were available.

Fri Jun 21 00:00:03 MDT 2019 : No new genomes were available.

Sat Jun 22 00:00:04 MDT 2019 : No new genomes were available.

Sun Jun 23 00:00:03 MDT 2019 : No new genomes were available.

Mon Jun 24 00:00:03 MDT 2019 : No new genomes were available.

